# JRE version: Java(TM) SE Runtime Environment (8.0_111-b14) (build 1.8.0_111-b14)
# Java VM: Java HotSpot(TM) 64-Bit Server VM (25.111-b14 mixed mode bsd-amd64 compressed oops)
Heap:
 PSYoungGen      total 37888K, used 15998K [0x0000000795580000, 0x0000000798280000, 0x00000007c0000000)
  eden space 32768K, 33% used [0x0000000795580000,0x0000000796055090,0x0000000797580000)
  from space 5120K, 95% used [0x0000000797600000,0x0000000797aca7a0,0x0000000797b00000)
  to   space 6656K, 0% used [0x0000000797c00000,0x0000000797c00000,0x0000000798280000)
 ParOldGen       total 87552K, used 1660K [0x0000000740000000, 0x0000000745580000, 0x0000000795580000)
  object space 87552K, 1% used [0x0000000740000000,0x000000074019f110,0x0000000745580000)
 Metaspace       used 11655K, capacity 11791K, committed 12032K, reserved 1060864K
  class space    used 1222K, capacity 1270K, committed 1280K, reserved 1048576K
GC Heap History (10 events):
Event: 173,636 GC heap before
{Heap before GC invocations=1 (full 0):
 PSYoungGen      total 38400K, used 33280K [0x0000000795580000, 0x0000000798000000, 0x00000007c0000000)
  eden space 33280K, 100% used [0x0000000795580000,0x0000000797600000,0x0000000797600000)
  from space 5120K, 0% used [0x0000000797b00000,0x0000000797b00000,0x0000000798000000)
  to   space 5120K, 0% used [0x0000000797600000,0x0000000797600000,0x0000000797b00000)
 ParOldGen       total 87552K, used 0K [0x0000000740000000, 0x0000000745580000, 0x0000000795580000)
  object space 87552K, 0% used [0x0000000740000000,0x0000000740000000,0x0000000745580000)
 Metaspace       used 11299K, capacity 11407K, committed 11520K, reserved 1058816K
  class space    used 1214K, capacity 1270K, committed 1280K, reserved 1048576K
Event: 173,647 GC heap after
Heap after GC invocations=1 (full 0):
 PSYoungGen      total 38400K, used 5107K [0x0000000795580000, 0x0000000798000000, 0x00000007c0000000)
  eden space 33280K, 0% used [0x0000000795580000,0x0000000795580000,0x0000000797600000)
  from space 5120K, 99% used [0x0000000797600000,0x0000000797afcf00,0x0000000797b00000)
  to   space 5120K, 0% used [0x0000000797b00000,0x0000000797b00000,0x0000000798000000)
 ParOldGen       total 87552K, used 1628K [0x0000000740000000, 0x0000000745580000, 0x0000000795580000)
  object space 87552K, 1% used [0x0000000740000000,0x0000000740197110,0x0000000745580000)
 Metaspace       used 11299K, capacity 11407K, committed 11520K, reserved 1058816K
  class space    used 1214K, capacity 1270K, committed 1280K, reserved 1048576K
}
Event: 196,632 GC heap before
{Heap before GC invocations=2 (full 0):
 PSYoungGen      total 38400K, used 38387K [0x0000000795580000, 0x0000000798000000, 0x00000007c0000000)
  eden space 33280K, 100% used [0x0000000795580000,0x0000000797600000,0x0000000797600000)
  from space 5120K, 99% used [0x0000000797600000,0x0000000797afcf00,0x0000000797b00000)
  to   space 5120K, 0% used [0x0000000797b00000,0x0000000797b00000,0x0000000798000000)
 ParOldGen       total 87552K, used 1628K [0x0000000740000000, 0x0000000745580000, 0x0000000795580000)
  object space 87552K, 1% used [0x0000000740000000,0x0000000740197110,0x0000000745580000)
 Metaspace       used 11454K, capacity 11599K, committed 11776K, reserved 1060864K
  class space    used 1214K, capacity 1270K, committed 1280K, reserved 1048576K
Event: 196,638 GC heap after
Heap after GC invocations=2 (full 0):
 PSYoungGen      total 38400K, used 3689K [0x0000000795580000, 0x0000000798000000, 0x00000007c0000000)
  eden space 33280K, 0% used [0x0000000795580000,0x0000000795580000,0x0000000797600000)
  from space 5120K, 72% used [0x0000000797b00000,0x0000000797e9a7a0,0x0000000798000000)
  to   space 5120K, 0% used [0x0000000797600000,0x0000000797600000,0x0000000797b00000)
 ParOldGen       total 87552K, used 1636K [0x0000000740000000, 0x0000000745580000, 0x0000000795580000)
  object space 87552K, 1% used [0x0000000740000000,0x0000000740199110,0x0000000745580000)
 Metaspace       used 11454K, capacity 11599K, committed 11776K, reserved 1060864K
  class space    used 1214K, capacity 1270K, committed 1280K, reserved 1048576K
}
Event: 428,943 GC heap before
{Heap before GC invocations=3 (full 0):
 PSYoungGen      total 38400K, used 36969K [0x0000000795580000, 0x0000000798000000, 0x00000007c0000000)
  eden space 33280K, 100% used [0x0000000795580000,0x0000000797600000,0x0000000797600000)
  from space 5120K, 72% used [0x0000000797b00000,0x0000000797e9a7a0,0x0000000798000000)
  to   space 5120K, 0% used [0x0000000797600000,0x0000000797600000,0x0000000797b00000)
 ParOldGen       total 87552K, used 1636K [0x0000000740000000, 0x0000000745580000, 0x0000000795580000)
  object space 87552K, 1% used [0x0000000740000000,0x0000000740199110,0x0000000745580000)
 Metaspace       used 11586K, capacity 11663K, committed 11776K, reserved 1060864K
  class space    used 1217K, capacity 1270K, committed 1280K, reserved 1048576K
Event: 428,960 GC heap after
Heap after GC invocations=3 (full 0):
 PSYoungGen      total 38400K, used 4809K [0x0000000795580000, 0x0000000798000000, 0x00000007c0000000)
  eden space 33280K, 0% used [0x0000000795580000,0x0000000795580000,0x0000000797600000)
  from space 5120K, 93% used [0x0000000797600000,0x0000000797ab27a0,0x0000000797b00000)
  to   space 5120K, 0% used [0x0000000797b00000,0x0000000797b00000,0x0000000798000000)
 ParOldGen       total 87552K, used 1644K [0x0000000740000000, 0x0000000745580000, 0x0000000795580000)
  object space 87552K, 1% used [0x0000000740000000,0x000000074019b110,0x0000000745580000)
 Metaspace       used 11586K, capacity 11663K, committed 11776K, reserved 1060864K
  class space    used 1217K, capacity 1270K, committed 1280K, reserved 1048576K
}
Event: 459,479 GC heap before
{Heap before GC invocations=4 (full 0):
 PSYoungGen      total 38400K, used 38089K [0x0000000795580000, 0x0000000798000000, 0x00000007c0000000)
  eden space 33280K, 100% used [0x0000000795580000,0x0000000797600000,0x0000000797600000)
  from space 5120K, 93% used [0x0000000797600000,0x0000000797ab27a0,0x0000000797b00000)
  to   space 5120K, 0% used [0x0000000797b00000,0x0000000797b00000,0x0000000798000000)
 ParOldGen       total 87552K, used 1644K [0x0000000740000000, 0x0000000745580000, 0x0000000795580000)
  object space 87552K, 1% used [0x0000000740000000,0x000000074019b110,0x0000000745580000)
 Metaspace       used 11602K, capacity 11727K, committed 12032K, reserved 1060864K
  class space    used 1218K, capacity 1270K, committed 1280K, reserved 1048576K
Event: 459,486 GC heap after
Heap after GC invocations=4 (full 0):
 PSYoungGen      total 38400K, used 5001K [0x0000000795580000, 0x0000000798000000, 0x00000007c0000000)
  eden space 33280K, 0% used [0x0000000795580000,0x0000000795580000,0x0000000797600000)
  from space 5120K, 97% used [0x0000000797b00000,0x0000000797fe27a0,0x0000000798000000)
  to   space 5120K, 0% used [0x0000000797600000,0x0000000797600000,0x0000000797b00000)
 ParOldGen       total 87552K, used 1652K [0x0000000740000000, 0x0000000745580000, 0x0000000795580000)
  object space 87552K, 1% used [0x0000000740000000,0x000000074019d110,0x0000000745580000)
 Metaspace       used 11602K, capacity 11727K, committed 12032K, reserved 1060864K
  class space    used 1218K, capacity 1270K, committed 1280K, reserved 1048576K
}
Event: 492,246 GC heap before
{Heap before GC invocations=5 (full 0):
 PSYoungGen      total 38400K, used 38281K [0x0000000795580000, 0x0000000798000000, 0x00000007c0000000)
  eden space 33280K, 100% used [0x0000000795580000,0x0000000797600000,0x0000000797600000)
  from space 5120K, 97% used [0x0000000797b00000,0x0000000797fe27a0,0x0000000798000000)
  to   space 5120K, 0% used [0x0000000797600000,0x0000000797600000,0x0000000797b00000)
 ParOldGen       total 87552K, used 1652K [0x0000000740000000, 0x0000000745580000, 0x0000000795580000)
  object space 87552K, 1% used [0x0000000740000000,0x000000074019d110,0x0000000745580000)
 Metaspace       used 11605K, capacity 11727K, committed 12032K, reserved 1060864K
  class space    used 1218K, capacity 1270K, committed 1280K, reserved 1048576K
Event: 492,254 GC heap after
Heap after GC invocations=5 (full 0):
 PSYoungGen      total 37888K, used 4905K [0x0000000795580000, 0x0000000798280000, 0x00000007c0000000)
  eden space 32768K, 0% used [0x0000000795580000,0x0000000795580000,0x0000000797580000)
  from space 5120K, 95% used [0x0000000797600000,0x0000000797aca7a0,0x0000000797b00000)
  to   space 6656K, 0% used [0x0000000797c00000,0x0000000797c00000,0x0000000798280000)
 ParOldGen       total 87552K, used 1660K [0x0000000740000000, 0x0000000745580000, 0x0000000795580000)
  object space 87552K, 1% used [0x0000000740000000,0x000000074019f110,0x0000000745580000)
 Metaspace       used 11605K, capacity 11727K, committed 12032K, reserved 1060864K
  class space    used 1218K, capacity 1270K, committed 1280K, reserved 1048576K
}

