# JRE version: Java(TM) SE Runtime Environment (8.0_111-b14) (build 1.8.0_111-b14)
# Java VM: Java HotSpot(TM) 64-Bit Server VM (25.111-b14 mixed mode bsd-amd64 compressed oops)
Heap:
 PSYoungGen      total 38400K, used 14772K [0x0000000795580000, 0x0000000798000000, 0x00000007c0000000)
  eden space 33280K, 32% used [0x0000000795580000,0x0000000795ffab20,0x0000000797600000)
  from space 5120K, 78% used [0x0000000797b00000,0x0000000797ef27a0,0x0000000798000000)
  to   space 5120K, 0% used [0x0000000797600000,0x0000000797600000,0x0000000797b00000)
 ParOldGen       total 87552K, used 1666K [0x0000000740000000, 0x0000000745580000, 0x0000000795580000)
  object space 87552K, 1% used [0x0000000740000000,0x00000007401a0908,0x0000000745580000)
 Metaspace       used 11635K, capacity 11791K, committed 12032K, reserved 1060864K
  class space    used 1223K, capacity 1270K, committed 1280K, reserved 1048576K
GC Heap History (8 events):
Event: 128,742 GC heap before
{Heap before GC invocations=1 (full 0):
 PSYoungGen      total 38400K, used 33280K [0x0000000795580000, 0x0000000798000000, 0x00000007c0000000)
  eden space 33280K, 100% used [0x0000000795580000,0x0000000797600000,0x0000000797600000)
  from space 5120K, 0% used [0x0000000797b00000,0x0000000797b00000,0x0000000798000000)
  to   space 5120K, 0% used [0x0000000797600000,0x0000000797600000,0x0000000797b00000)
 ParOldGen       total 87552K, used 0K [0x0000000740000000, 0x0000000745580000, 0x0000000795580000)
  object space 87552K, 0% used [0x0000000740000000,0x0000000740000000,0x0000000745580000)
 Metaspace       used 11297K, capacity 11407K, committed 11520K, reserved 1058816K
  class space    used 1216K, capacity 1270K, committed 1280K, reserved 1048576K
Event: 128,755 GC heap after
Heap after GC invocations=1 (full 0):
 PSYoungGen      total 38400K, used 5104K [0x0000000795580000, 0x0000000798000000, 0x00000007c0000000)
  eden space 33280K, 0% used [0x0000000795580000,0x0000000795580000,0x0000000797600000)
  from space 5120K, 99% used [0x0000000797600000,0x0000000797afc1a0,0x0000000797b00000)
  to   space 5120K, 0% used [0x0000000797b00000,0x0000000797b00000,0x0000000798000000)
 ParOldGen       total 87552K, used 1639K [0x0000000740000000, 0x0000000745580000, 0x0000000795580000)
  object space 87552K, 1% used [0x0000000740000000,0x0000000740199fe8,0x0000000745580000)
 Metaspace       used 11297K, capacity 11407K, committed 11520K, reserved 1058816K
  class space    used 1216K, capacity 1270K, committed 1280K, reserved 1048576K
}
Event: 396,474 GC heap before
{Heap before GC invocations=2 (full 0):
 PSYoungGen      total 38400K, used 38384K [0x0000000795580000, 0x0000000798000000, 0x00000007c0000000)
  eden space 33280K, 100% used [0x0000000795580000,0x0000000797600000,0x0000000797600000)
  from space 5120K, 99% used [0x0000000797600000,0x0000000797afc1a0,0x0000000797b00000)
  to   space 5120K, 0% used [0x0000000797b00000,0x0000000797b00000,0x0000000798000000)
 ParOldGen       total 87552K, used 1639K [0x0000000740000000, 0x0000000745580000, 0x0000000795580000)
  object space 87552K, 1% used [0x0000000740000000,0x0000000740199fe8,0x0000000745580000)
 Metaspace       used 11458K, capacity 11599K, committed 11776K, reserved 1060864K
  class space    used 1217K, capacity 1270K, committed 1280K, reserved 1048576K
Event: 396,479 GC heap after
Heap after GC invocations=2 (full 0):
 PSYoungGen      total 38400K, used 4137K [0x0000000795580000, 0x0000000798000000, 0x00000007c0000000)
  eden space 33280K, 0% used [0x0000000795580000,0x0000000795580000,0x0000000797600000)
  from space 5120K, 80% used [0x0000000797b00000,0x0000000797f0a7a0,0x0000000798000000)
  to   space 5120K, 0% used [0x0000000797600000,0x0000000797600000,0x0000000797b00000)
 ParOldGen       total 87552K, used 1647K [0x0000000740000000, 0x0000000745580000, 0x0000000795580000)
  object space 87552K, 1% used [0x0000000740000000,0x000000074019bfe8,0x0000000745580000)
 Metaspace       used 11458K, capacity 11599K, committed 11776K, reserved 1060864K
  class space    used 1217K, capacity 1270K, committed 1280K, reserved 1048576K
}
Event: 441,521 GC heap before
{Heap before GC invocations=3 (full 0):
 PSYoungGen      total 38400K, used 37417K [0x0000000795580000, 0x0000000798000000, 0x00000007c0000000)
  eden space 33280K, 100% used [0x0000000795580000,0x0000000797600000,0x0000000797600000)
  from space 5120K, 80% used [0x0000000797b00000,0x0000000797f0a7a0,0x0000000798000000)
  to   space 5120K, 0% used [0x0000000797600000,0x0000000797600000,0x0000000797b00000)
 ParOldGen       total 87552K, used 1647K [0x0000000740000000, 0x0000000745580000, 0x0000000795580000)
  object space 87552K, 1% used [0x0000000740000000,0x000000074019bff8,0x0000000745580000)
 Metaspace       used 11546K, capacity 11663K, committed 11776K, reserved 1060864K
  class space    used 1217K, capacity 1270K, committed 1280K, reserved 1048576K
Event: 441,525 GC heap after
Heap after GC invocations=3 (full 0):
 PSYoungGen      total 38400K, used 4105K [0x0000000795580000, 0x0000000798000000, 0x00000007c0000000)
  eden space 33280K, 0% used [0x0000000795580000,0x0000000795580000,0x0000000797600000)
  from space 5120K, 80% used [0x0000000797600000,0x0000000797a027a0,0x0000000797b00000)
  to   space 5120K, 0% used [0x0000000797b00000,0x0000000797b00000,0x0000000798000000)
 ParOldGen       total 87552K, used 1655K [0x0000000740000000, 0x0000000745580000, 0x0000000795580000)
  object space 87552K, 1% used [0x0000000740000000,0x000000074019dff8,0x0000000745580000)
 Metaspace       used 11546K, capacity 11663K, committed 11776K, reserved 1060864K
  class space    used 1217K, capacity 1270K, committed 1280K, reserved 1048576K
}
Event: 483,194 GC heap before
{Heap before GC invocations=4 (full 0):
 PSYoungGen      total 38400K, used 37385K [0x0000000795580000, 0x0000000798000000, 0x00000007c0000000)
  eden space 33280K, 100% used [0x0000000795580000,0x0000000797600000,0x0000000797600000)
  from space 5120K, 80% used [0x0000000797600000,0x0000000797a027a0,0x0000000797b00000)
  to   space 5120K, 0% used [0x0000000797b00000,0x0000000797b00000,0x0000000798000000)
 ParOldGen       total 87552K, used 1658K [0x0000000740000000, 0x0000000745580000, 0x0000000795580000)
  object space 87552K, 1% used [0x0000000740000000,0x000000074019e908,0x0000000745580000)
 Metaspace       used 11583K, capacity 11663K, committed 11776K, reserved 1060864K
  class space    used 1217K, capacity 1270K, committed 1280K, reserved 1048576K
Event: 483,199 GC heap after
Heap after GC invocations=4 (full 0):
 PSYoungGen      total 38400K, used 4041K [0x0000000795580000, 0x0000000798000000, 0x00000007c0000000)
  eden space 33280K, 0% used [0x0000000795580000,0x0000000795580000,0x0000000797600000)
  from space 5120K, 78% used [0x0000000797b00000,0x0000000797ef27a0,0x0000000798000000)
  to   space 5120K, 0% used [0x0000000797600000,0x0000000797600000,0x0000000797b00000)
 ParOldGen       total 87552K, used 1666K [0x0000000740000000, 0x0000000745580000, 0x0000000795580000)
  object space 87552K, 1% used [0x0000000740000000,0x00000007401a0908,0x0000000745580000)
 Metaspace       used 11583K, capacity 11663K, committed 11776K, reserved 1060864K
  class space    used 1217K, capacity 1270K, committed 1280K, reserved 1048576K
}

